<?xml version="1.0" encoding="UTF-8"?>
<!-- Generated by org.testng.reporters.JUnitReportReporter -->
<testsuite hostname="DESKTOP-R7U90AB" failures="0" tests="1" name="Automations.Ecommerce_StandAlone_Testcase3" time="7.213" errors="0" timestamp="2023-02-23T21:39:53 GMT-08:00" skipped="0">
  <testcase classname="Automations.Ecommerce_StandAlone_Testcase3" name="submitOrder" time="7.213"/>
  <system-out/>
</testsuite> <!-- Automations.Ecommerce_StandAlone_Testcase3 -->
